#
# A fatal error has been detected by the Java Runtime Environment:
#
#  EXCEPTION_ACCESS_VIOLATION (0xc0000005) at pc=0x000000006fe05077, pid=3212, tid=0x0000000000002c90
#
# JRE version: Java(TM) SE Runtime Environment (8.0_241-b07) (build 1.8.0_241-b07)
# Java VM: Java HotSpot(TM) 64-Bit Server VM (25.241-b07 mixed mode windows-amd64 compressed oops)
# Problematic frame:
# V  [jvm.dll+0x215077]
#
# Failed to write core dump. Minidumps are not enabled by default on client versions of Windows
#
# If you would like to submit a bug report, please visit:
#   http://bugreport.java.com/bugreport/crash.jsp
#

---------------  T H R E A D  ---------------

Current thread (0x000000001e46d800):  JavaThread "JMX server connection timeout 508" daemon [_thread_in_vm, id=11408, stack(0x000000001fcd0000,0x000000001fdd0000)]

siginfo: ExceptionCode=0xc0000005, writing address 0x000000001fdcaf10

Registers:
RAX=0x000000001fdcaf10, RBX=0x0000000000000005, RCX=0x0000000000004000, RDX=0x0000000000000006
RSP=0x000000001fdcef10, RBP=0x0000000000000000, RSI=0x000000001fdcef10, RDI=0x0000000000000005
R8 =0x0000000000000006, R9 =0x000000001e425720, R10=0x000000001739e2f0, R11=0x000000001fcda148
R12=0x000000001e425720, R13=0x000000001e46d800, R14=0x000000001fdcefd8, R15=0x000000001739e2f0
RIP=0x000000006fe05077, EFLAGS=0x0000000000010202

Top of Stack: (sp=0x000000001fdcef10)
0x000000001fdcef10:   0000000000790000 0000000100006c48
0x000000001fdcef20:   000000001e46d800 000000001e425720
0x000000001fdcef30:   00000000ffffffff 000000006fe05fa7
0x000000001fdcef40:   000000001fdcf040 000000001739e2f0
0x000000001fdcef50:   000000001e46d800 000000006fcb10e3
0x000000001fdcef60:   000000001fdcefa0 000000001e46d800
0x000000001fdcef70:   000000001fdcf030 000000001e46d800
0x000000001fdcef80:   000000001739e2f0 000000001e46d800
0x000000001fdcef90:   0000000002e66e60 000000001e46d800
0x000000001fdcefa0:   000000001739e2f0 000000001e46d800
0x000000001fdcefb0:   000000001739e2f0 000000001e46d800
0x000000001fdcefc0:   0000000000000001 000000001739e2f0
0x000000001fdcefd0:   000000001e46d800 000000001e4211c0
0x000000001fdcefe0:   000000001e46d800 000000006fcb284d
0x000000001fdceff0:   000000001fdcf2f8 0000000100006c48
0x000000001fdcf000:   0000000100006c48 00000000ffffffff 

Instructions: (pc=0x000000006fe05077)
0x000000006fe05057:   48 89 6c 24 30 33 ed 66 90 e8 3b 5c 08 00 ff c3
0x000000006fe05067:   48 63 c8 48 8b c6 48 0f af cf 48 ff c7 48 2b c1
0x000000006fe05077:   89 28 48 63 c3 48 3b 05 25 08 5a 00 7e db 48 8b
0x000000006fe05087:   6c 24 30 48 8b 5c 24 38 48 8b 74 24 40 48 83 c4 


Register to memory mapping:

RAX=0x000000001fdcaf10 is pointing into the stack for thread: 0x000000001e46d800
RBX=0x0000000000000005 is an unknown value
RCX=0x0000000000004000 is an unknown value
RDX=0x0000000000000006 is an unknown value
RSP=0x000000001fdcef10 is pointing into the stack for thread: 0x000000001e46d800
RBP=0x0000000000000000 is an unknown value
RSI=0x000000001fdcef10 is pointing into the stack for thread: 0x000000001e46d800
RDI=0x0000000000000005 is an unknown value
R8 =0x0000000000000006 is an unknown value
R9 =0x000000001e425720 is an unknown value
R10={method} {0x000000001739e2f8} 'run' '()V' in 'java/lang/Thread'
R11=0x000000001fcda148 is pointing into the stack for thread: 0x000000001e46d800
R12=0x000000001e425720 is an unknown value
R13=0x000000001e46d800 is a thread
R14=0x000000001fdcefd8 is pointing into the stack for thread: 0x000000001e46d800
R15={method} {0x000000001739e2f8} 'run' '()V' in 'java/lang/Thread'


Stack: [0x000000001fcd0000,0x000000001fdd0000],  sp=0x000000001fdcef10,  free space=1019k
